<?xml version="1.0" encoding="UTF-8"?>
<!-- Generated by org.testng.reporters.JUnitReportReporter -->
<testsuite hostname="ANTORA-LAPTOP" failures="0" tests="15" name="ui.HomePageTest" time="16.771" errors="0" timestamp="2023-11-21T00:51:32 BDT" skipped="0">
  <testcase classname="ui.HomePageTest" name="verifyHomepageTest" time="0.015"/>
  <system-out>
    <![CDATA[onTestStart: Method name is - verifyHomepageTest
onTestSuccess: Status of execution is - 1]]>
  </system-out>
  <testcase classname="ui.HomePageTest" name="addProductsToCartTest" time="0.767"/>
  <system-out>
    <![CDATA[onTestStart: Method name is - addProductsToCartTest
onTestSuccess: Status of execution is - 1]]>
  </system-out>
  <testcase classname="ui.HomePageTest" name="clickCartButtonTest" time="1.163"/>
  <system-out>
    <![CDATA[onTestStart: Method name is - clickCartButtonTest
onTestSuccess: Status of execution is - 1]]>
  </system-out>
  <testcase classname="ui.HomePageTest" name="verifyCartPageTest" time="0.008"/>
  <system-out>
    <![CDATA[onTestStart: Method name is - verifyCartPageTest
onTestSuccess: Status of execution is - 1]]>
  </system-out>
  <testcase classname="ui.HomePageTest" name="clickProceedToCheckoutTest" time="0.044"/>
  <system-out>
    <![CDATA[onTestStart: Method name is - clickProceedToCheckoutTest
onTestSuccess: Status of execution is - 1]]>
  </system-out>
  <testcase classname="ui.HomePageTest" name="clickRegisterLoginButtonTest" time="0.691"/>
  <system-out>
    <![CDATA[onTestStart: Method name is - clickRegisterLoginButtonTest
onTestSuccess: Status of execution is - 1]]>
  </system-out>
  <testcase classname="ui.HomePageTest" name="signUpTest" time="0.940"/>
  <system-out>
    <![CDATA[onTestStart: Method name is - signUpTest
onTestSuccess: Status of execution is - 1]]>
  </system-out>
  <testcase classname="ui.HomePageTest" name="fillUpAccountInformationTest" time="2.154"/>
  <system-out>
    <![CDATA[onTestStart: Method name is - fillUpAccountInformationTest
onTestSuccess: Status of execution is - 1]]>
  </system-out>
  <testcase classname="ui.HomePageTest" name="verifyAccountCreatedTest" time="3.196"/>
  <system-out>
    <![CDATA[onTestStart: Method name is - verifyAccountCreatedTest
onTestSuccess: Status of execution is - 1]]>
  </system-out>
  <testcase classname="ui.HomePageTest" name="verifyLoggedInUserTest" time="0.034"/>
  <system-out>
    <![CDATA[onTestStart: Method name is - verifyLoggedInUserTest
onTestSuccess: Status of execution is - 1]]>
  </system-out>
  <testcase classname="ui.HomePageTest" name="clickCartAndProceedToCheckoutButtonTest" time="1.912"/>
  <system-out>
    <![CDATA[onTestStart: Method name is - clickCartAndProceedToCheckoutButtonTest
onTestSuccess: Status of execution is - 1]]>
  </system-out>
  <testcase classname="ui.HomePageTest" name="verifyAddressReviewOrderTest" time="0.001"/>
  <system-out>
    <![CDATA[onTestStart: Method name is - verifyAddressReviewOrderTest
onTestSuccess: Status of execution is - 1]]>
  </system-out>
  <testcase classname="ui.HomePageTest" name="placeOrderTest" time="0.750"/>
  <system-out>
    <![CDATA[onTestStart: Method name is - placeOrderTest
onTestSuccess: Status of execution is - 1]]>
  </system-out>
  <testcase classname="ui.HomePageTest" name="signUpTest" time="2.325"/>
  <system-out>
    <![CDATA[onTestStart: Method name is - signUpTest
onTestSuccess: Status of execution is - 1]]>
  </system-out>
  <testcase classname="ui.HomePageTest" name="verifyOrderPlacedTest" time="2.771"/>
  <system-out>
    <![CDATA[onTestStart: Method name is - verifyOrderPlacedTest
onTestSuccess: Status of execution is - 1]]>
  </system-out>
</testsuite> <!-- ui.HomePageTest -->
