<?xml version="1.0" encoding="UTF-8"?>
<!-- Generated by org.testng.reporters.JUnitReportReporter -->
<testsuite hostname="ANTORA-LAPTOP" failures="0" tests="1" name="ui.HomePageTest" time="0.008" errors="0" timestamp="2023-11-21T02:06:48 BDT" skipped="0">
  <testcase classname="ui.HomePageTest" name="verifyHomepageTest" time="0.008"/>
  <system-out/>
</testsuite> <!-- ui.HomePageTest -->
