<?xml version="1.0" encoding="UTF-8"?>
<!-- Generated by org.testng.reporters.JUnitReportReporter -->
<testsuite hostname="ANTORA-LAPTOP" failures="0" tests="4" name="ui.CheckoutTest" time="8.620" errors="0" timestamp="2023-11-21T02:06:48 BDT" skipped="0">
  <testcase classname="ui.CheckoutTest" name="verifyAddressReviewOrderTest" time="0.000"/>
  <system-out/>
  <testcase classname="ui.CheckoutTest" name="placeOrderTest" time="2.162"/>
  <system-out/>
  <testcase classname="ui.CheckoutTest" name="signUpTest" time="2.359"/>
  <system-out/>
  <testcase classname="ui.CheckoutTest" name="verifyOrderPlacedTest" time="4.099"/>
  <system-out/>
</testsuite> <!-- ui.CheckoutTest -->
