<?xml version="1.0" encoding="UTF-8"?>
<!-- Generated by org.testng.reporters.JUnitReportReporter -->
<testsuite hostname="ANTORA-LAPTOP" failures="0" tests="6" name="ui.SignupTest" time="8.893" errors="0" timestamp="2023-11-21T02:31:51 BDT" skipped="0">
  <testcase classname="ui.SignupTest" name="clickRegisterLoginButtonTest" time="0.665"/>
  <system-out>
    <![CDATA[onTestStart: Method name is - clickRegisterLoginButtonTest
onTestSuccess: Status of execution is - 1]]>
  </system-out>
  <testcase classname="ui.SignupTest" name="signUpTest" time="0.861"/>
  <system-out>
    <![CDATA[onTestStart: Method name is - signUpTest
onTestSuccess: Status of execution is - 1]]>
  </system-out>
  <testcase classname="ui.SignupTest" name="fillUpAccountInformationTest" time="2.181"/>
  <system-out>
    <![CDATA[onTestStart: Method name is - fillUpAccountInformationTest
onTestSuccess: Status of execution is - 1]]>
  </system-out>
  <testcase classname="ui.SignupTest" name="verifyAccountCreatedTest" time="3.171"/>
  <system-out>
    <![CDATA[onTestStart: Method name is - verifyAccountCreatedTest
onTestSuccess: Status of execution is - 1]]>
  </system-out>
  <testcase classname="ui.SignupTest" name="verifyLoggedInUserTest" time="0.022"/>
  <system-out>
    <![CDATA[onTestStart: Method name is - verifyLoggedInUserTest
onTestSuccess: Status of execution is - 1]]>
  </system-out>
  <testcase classname="ui.SignupTest" name="clickCartAndProceedToCheckoutButtonTest" time="1.993"/>
  <system-out>
    <![CDATA[onTestStart: Method name is - clickCartAndProceedToCheckoutButtonTest
onTestSuccess: Status of execution is - 1]]>
  </system-out>
</testsuite> <!-- ui.SignupTest -->
