<?xml version="1.0" encoding="UTF-8"?>
<!-- Generated by org.testng.reporters.JUnitReportReporter -->
<testsuite hostname="ANTORA-LAPTOP" failures="0" tests="4" name="ui.AddToCartTest" time="1.590" errors="0" timestamp="2023-11-21T02:06:48 BDT" skipped="0">
  <testcase classname="ui.AddToCartTest" name="addProductsToCartTest" time="0.817"/>
  <system-out/>
  <testcase classname="ui.AddToCartTest" name="clickCartButtonTest" time="0.719"/>
  <system-out/>
  <testcase classname="ui.AddToCartTest" name="verifyCartPageTest" time="0.008"/>
  <system-out/>
  <testcase classname="ui.AddToCartTest" name="clickProceedToCheckoutTest" time="0.046"/>
  <system-out/>
</testsuite> <!-- ui.AddToCartTest -->
