<?xml version="1.0" encoding="UTF-8"?>
<!-- Generated by org.testng.reporters.JUnitReportReporter -->
<testsuite hostname="ANTORA-LAPTOP" failures="0" tests="4" name="ui.CheckoutTest" time="5.988" errors="0" timestamp="2023-11-21T02:31:51 BDT" skipped="0">
  <testcase classname="ui.CheckoutTest" name="verifyAddressReviewOrderTest" time="0.000"/>
  <system-out>
    <![CDATA[onTestStart: Method name is - verifyAddressReviewOrderTest
onTestSuccess: Status of execution is - 1]]>
  </system-out>
  <testcase classname="ui.CheckoutTest" name="placeOrderTest" time="0.738"/>
  <system-out>
    <![CDATA[onTestStart: Method name is - placeOrderTest
onTestSuccess: Status of execution is - 1]]>
  </system-out>
  <testcase classname="ui.CheckoutTest" name="signUpTest" time="2.328"/>
  <system-out>
    <![CDATA[onTestStart: Method name is - signUpTest
onTestSuccess: Status of execution is - 1]]>
  </system-out>
  <testcase classname="ui.CheckoutTest" name="verifyOrderPlacedTest" time="2.922"/>
  <system-out>
    <![CDATA[onTestStart: Method name is - verifyOrderPlacedTest
onTestSuccess: Status of execution is - 1]]>
  </system-out>
</testsuite> <!-- ui.CheckoutTest -->
