<?xml version="1.0" encoding="UTF-8"?>
<!-- Generated by org.testng.reporters.JUnitReportReporter -->
<testsuite hostname="ANTORA-LAPTOP" failures="0" tests="6" name="ui.SignupTest" time="10.210" errors="0" timestamp="2023-11-21T02:06:48 BDT" skipped="0">
  <testcase classname="ui.SignupTest" name="clickRegisterLoginButtonTest" time="0.653"/>
  <system-out/>
  <testcase classname="ui.SignupTest" name="signUpTest" time="0.944"/>
  <system-out/>
  <testcase classname="ui.SignupTest" name="fillUpAccountInformationTest" time="2.538"/>
  <system-out/>
  <testcase classname="ui.SignupTest" name="verifyAccountCreatedTest" time="4.218"/>
  <system-out/>
  <testcase classname="ui.SignupTest" name="verifyLoggedInUserTest" time="0.028"/>
  <system-out/>
  <testcase classname="ui.SignupTest" name="clickCartAndProceedToCheckoutButtonTest" time="1.829"/>
  <system-out/>
</testsuite> <!-- ui.SignupTest -->
