<?xml version="1.0" encoding="UTF-8"?>
<!-- Generated by org.testng.reporters.JUnitReportReporter -->
<testsuite hostname="ANTORA-LAPTOP" failures="0" tests="4" name="ui.CheckoutTest" time="7.078" errors="0" timestamp="2023-11-22T05:16:52 BDT" skipped="0">
  <testcase classname="ui.CheckoutTest" name="verifyAddressReviewOrderTest" time="0.119"/>
  <system-out>
    <![CDATA[onTestStart: Method name is - verifyAddressReviewOrderTest
onTestSuccess: Status of execution is - 1]]>
  </system-out>
  <testcase classname="ui.CheckoutTest" name="placeOrderTest" time="0.865"/>
  <system-out>
    <![CDATA[onTestStart: Method name is - placeOrderTest
onTestSuccess: Status of execution is - 1]]>
  </system-out>
  <testcase classname="ui.CheckoutTest" name="signUpTest" time="2.566"/>
  <system-out>
    <![CDATA[onTestStart: Method name is - signUpTest
onTestSuccess: Status of execution is - 1]]>
  </system-out>
  <testcase classname="ui.CheckoutTest" name="verifyOrderPlacedTest" time="3.528"/>
  <system-out>
    <![CDATA[onTestStart: Method name is - verifyOrderPlacedTest
onTestSuccess: Status of execution is - 1]]>
  </system-out>
</testsuite> <!-- ui.CheckoutTest -->
