<?xml version="1.0" encoding="UTF-8"?>
<!-- Generated by org.testng.reporters.JUnitReportReporter -->
<testsuite hostname="ANTORA-LAPTOP" failures="0" tests="4" name="ui.AddToCartTest" time="1.718" errors="0" timestamp="2023-11-21T02:31:51 BDT" skipped="0">
  <testcase classname="ui.AddToCartTest" name="addProductsToCartTest" time="0.724"/>
  <system-out>
    <![CDATA[onTestStart: Method name is - addProductsToCartTest
onTestSuccess: Status of execution is - 1]]>
  </system-out>
  <testcase classname="ui.AddToCartTest" name="clickCartButtonTest" time="0.945"/>
  <system-out>
    <![CDATA[onTestStart: Method name is - clickCartButtonTest
onTestSuccess: Status of execution is - 1]]>
  </system-out>
  <testcase classname="ui.AddToCartTest" name="verifyCartPageTest" time="0.006"/>
  <system-out>
    <![CDATA[onTestStart: Method name is - verifyCartPageTest
onTestSuccess: Status of execution is - 1]]>
  </system-out>
  <testcase classname="ui.AddToCartTest" name="clickProceedToCheckoutTest" time="0.043"/>
  <system-out>
    <![CDATA[onTestStart: Method name is - clickProceedToCheckoutTest
onTestSuccess: Status of execution is - 1]]>
  </system-out>
</testsuite> <!-- ui.AddToCartTest -->
